<?xml version="1.0" encoding="windows-1252" standalone="no"?>
<!DOCTYPE log SYSTEM "logger.dtd">
<log>
<record>
  <date>2016-07-19T17:17:01</date>
  <millis>1468959421771</millis>
  <sequence>0</sequence>
  <logger>jMetal</logger>
  <level>INFO</level>
  <class>org.uma.jmetal.util.parallel.impl.MultithreadedEvaluator</class>
  <method>&lt;init&gt;</method>
  <thread>1</thread>
  <message>THREADS: 1</message>
</record>
<record>
  <date>2016-07-19T17:17:03</date>
  <millis>1468959423406</millis>
  <sequence>1</sequence>
  <logger>jMetal</logger>
  <level>INFO</level>
  <class>org.uma.jmetal.util.parallel.impl.MultithreadedEvaluator</class>
  <method>start</method>
  <thread>1</thread>
  <message>Cores: 1</message>
</record>
</log>
