<?xml version="1.0" encoding="windows-1252" standalone="no"?>
<!DOCTYPE log SYSTEM "logger.dtd">
<log>
<record>
  <date>2016-05-16T14:56:19</date>
  <millis>1463421379010</millis>
  <sequence>0</sequence>
  <logger>jMetal</logger>
  <level>INFO</level>
  <class>org.uma.jmetal.util.parallel.impl.MultithreadedEvaluator</class>
  <method>&lt;init&gt;</method>
  <thread>1</thread>
  <message>THREADS: 1</message>
</record>
<record>
  <date>2016-05-16T14:56:19</date>
  <millis>1463421379023</millis>
  <sequence>1</sequence>
  <logger>jMetal</logger>
  <level>INFO</level>
  <class>org.uma.jmetal.util.parallel.impl.MultithreadedEvaluator</class>
  <method>start</method>
  <thread>1</thread>
  <message>Cores: 1</message>
</record>
<record>
  <date>2016-05-16T14:56:19</date>
  <millis>1463421379257</millis>
  <sequence>2</sequence>
  <logger>jMetal</logger>
  <level>INFO</level>
  <class>uy.fing.Main</class>
  <method>main</method>
  <thread>1</thread>
  <message>Total execution time: 231ms</message>
</record>
</log>
